<?xml version="1.0" encoding="UTF-8"?>
<!-- Generated by org.testng.reporters.JUnitReportReporter -->
<testsuite hostname="appus-HP-Pavilion-g6-Notebook-PC" failures="0" tests="1" name="com.simplogics.testcases.InvoiceJwellery_Negative" time="60.725" errors="0" timestamp="08 Jun 2021 10:48:21 GMT" skipped="0">
  <testcase classname="com.simplogics.testcases.InvoiceJwellery_Negative" name="Invoicejwellery_Negative" time="60.725"/>
</testsuite> <!-- com.simplogics.testcases.InvoiceJwellery_Negative -->
