<?xml version="1.0" encoding="UTF-8"?>
<!-- Generated by org.testng.reporters.JUnitReportReporter -->
<testsuite hostname="appus-HP-Pavilion-g6-Notebook-PC" failures="0" tests="1" name="com.simplogics.testcases.Purchasemanagement_Menu" time="6.086" errors="0" timestamp="08 Jun 2021 10:48:21 GMT" skipped="0">
  <testcase classname="com.simplogics.testcases.Purchasemanagement_Menu" name="Purchasemanagement_menu" time="6.086"/>
</testsuite> <!-- com.simplogics.testcases.Purchasemanagement_Menu -->
