<?xml version="1.0" encoding="UTF-8"?>
<!-- Generated by org.testng.reporters.JUnitReportReporter -->
<testsuite hostname="appus-HP-Pavilion-g6-Notebook-PC" failures="0" tests="1" name="com.simplogics.testcases.CreateGold_Invoice" time="0.371" errors="0" timestamp="03 Jun 2021 01:36:30 GMT" skipped="1">
  <testcase classname="com.simplogics.testcases.CreateGold_Invoice" name="Creategold_Invoice" time="0.371">
    <skipped/>
  </testcase> <!-- Creategold_Invoice -->
</testsuite> <!-- com.simplogics.testcases.CreateGold_Invoice -->
