<?xml version="1.0" encoding="UTF-8"?>
<!-- Generated by org.testng.reporters.JUnitReportReporter -->
<testsuite hostname="appus-HP-Pavilion-g6-Notebook-PC" failures="0" tests="1" name="com.simplogics.testcases.InvoiceJwellery_CheckboxDisable" time="61.284" errors="0" timestamp="08 Jun 2021 10:48:21 GMT" skipped="0">
  <testcase classname="com.simplogics.testcases.InvoiceJwellery_CheckboxDisable" name="Invoicejwellery_CheckboxDisable" time="61.284"/>
</testsuite> <!-- com.simplogics.testcases.InvoiceJwellery_CheckboxDisable -->
