<?xml version="1.0" encoding="UTF-8"?>
<!-- Generated by org.testng.reporters.JUnitReportReporter -->
<testsuite hostname="appus-HP-Pavilion-g6-Notebook-PC" failures="0" tests="1" name="com.simplogics.testcases.CreateJewellery_Invoice_Validdata" time="0.496" errors="0" timestamp="03 Jun 2021 06:04:41 GMT" skipped="1">
  <testcase classname="com.simplogics.testcases.CreateJewellery_Invoice_Validdata" name="Createjewllery_Invoicevalid" time="0.496">
    <skipped/>
  </testcase> <!-- Createjewllery_Invoicevalid -->
</testsuite> <!-- com.simplogics.testcases.CreateJewellery_Invoice_Validdata -->
